C51 COMPILER V9.00   MAIN                                                                  05/24/2018 15:04:22 PAGE 1   


C51 COMPILER V9.00, COMPILATION OF MODULE MAIN
OBJECT MODULE PLACED IN .\Objects\main.obj
COMPILER INVOKED BY: D:\keil\C51\BIN\C51.EXE main.c BROWSE INCDIR(..\pro;..\app;..\bsp;..\lib\inc;..\bsp\pushrod;..\bsp\
                    -message;..\bsp\sw_i2c) DEBUG OBJECTEXTEND PRINT(.\Listings\main.lst) OBJECT(.\Objects\main.obj)

line level    source

   1          #include "app.h"
   2          
   3          
   4          
   5          /**************************************************
   6          *函数名称：void main(void)                                                                
   7          *函数功能：主函数
   8          *入口参数：void
   9          *出口参数：void  
  10          **************************************************/
  11          void main(void){                                        
  12   1              App_Init();
  13   1              while(1){
  14   2      
  15   2                      App_Handle();
  16   2              } 
  17   1      }
  18          
  19          
  20          #endif


MODULE INFORMATION:   STATIC OVERLAYABLE
   CODE SIZE        =      8    ----
   CONSTANT SIZE    =   ----    ----
   XDATA SIZE       =   ----    ----
   PDATA SIZE       =   ----    ----
   DATA SIZE        =   ----    ----
   IDATA SIZE       =   ----    ----
   BIT SIZE         =   ----    ----
END OF MODULE INFORMATION.


C51 COMPILATION COMPLETE.  0 WARNING(S),  0 ERROR(S)
