C51 COMPILER V9.00   MSGE_PORT                                                             05/24/2018 15:04:24 PAGE 1   


C51 COMPILER V9.00, COMPILATION OF MODULE MSGE_PORT
OBJECT MODULE PLACED IN .\Objects\msge_port.obj
COMPILER INVOKED BY: D:\keil\C51\BIN\C51.EXE ..\bsp\message\msge_port.c BROWSE INCDIR(..\pro;..\app;..\bsp;..\lib\inc;..
                    -\bsp\pushrod;..\bsp\message;..\bsp\sw_i2c) DEBUG OBJECTEXTEND PRINT(.\Listings\msge_port.lst) OBJECT(.\Objects\msge_port
                    -.obj)

line level    source

   1          #include "sys_config.h"
   2          
   3          #define MOTOR_A_PIN                             P15
   4          #define MOTOR_B_PIN                             P16
   5          
   6          #define MOTOR_C_PIN                             P17
   7          #define MOTOR_D_PIN                             P20
   8          
   9          #define MOTOR_E_PIN                             P21
  10          #define MOTOR_F_PIN                             P22
  11          
  12          
  13          #define Set_MotorA_Out(X)                       ((X)?(MOTOR_A_PIN = 1):(MOTOR_A_PIN = 0))       
  14          #define Set_MotorB_Out(X)                       ((X)?(MOTOR_B_PIN = 1):(MOTOR_B_PIN = 0))       
  15          
  16          #define Set_MotorC_Out(X)                       ((X)?(MOTOR_C_PIN = 1):(MOTOR_C_PIN = 0))       
  17          #define Set_MotorD_Out(X)                       ((X)?(MOTOR_D_PIN = 1):(MOTOR_D_PIN = 0))       
  18          
  19          #define Set_MotorE_Out(X)                       ((X)?(MOTOR_E_PIN = 1):(MOTOR_E_PIN = 0))       
  20          #define Set_MotorF_Out(X)                       ((X)?(MOTOR_F_PIN = 1):(MOTOR_F_PIN = 0))       
  21          
  22          
  23          INT8U Msge_PortInit(INT8U id){
  24   1              if(id == 0){
  25   2                      SET_REG_CON(1,5);
  26   2                      Set_MotorA_Out(0);
  27   2                      SET_REG_CON(1,6);
  28   2                      Set_MotorB_Out(0);
  29   2                      return 1;
  30   2              }else if(id == 1){
  31   2                      SET_REG_CON(1,7);
  32   2                      Set_MotorC_Out(0);
  33   2                      SET_REG_CON(2,0);
  34   2                      Set_MotorD_Out(0);
  35   2                      return 1;
  36   2              }else if(id == 2){
  37   2                      SET_REG_CON(2,1);
  38   2                      Set_MotorE_Out(0);
  39   2                      SET_REG_CON(2,2);
  40   2                      Set_MotorF_Out(0);
  41   2                      return 1;
  42   2              }
  43   1              return 0;
  44   1      }
  45          
  46          INT8U Msge_PortSet(INT8U id,INT8U num,INT8U set){
  47   1              if(id == 0){
  48   2                      if(num == 0){
  49   3                              Set_MotorA_Out(set);
  50   3                      }else{
  51   3                              Set_MotorB_Out(set);
  52   3                      }
  53   2                      return 1;
C51 COMPILER V9.00   MSGE_PORT                                                             05/24/2018 15:04:24 PAGE 2   

  54   2              }else if(id == 1){
  55   2                      if(num == 0){
  56   3                              Set_MotorC_Out(set);
  57   3                      }else{
  58   3                              Set_MotorD_Out(set);
  59   3                      }
  60   2                      return 1;
  61   2              }else if(id == 0){
  62   2                      if(num == 0){
  63   3                              Set_MotorE_Out(set);
  64   3                      }else{
  65   3                              Set_MotorF_Out(set);
  66   3                      }
  67   2                      return 1;
  68   2              }
  69   1              return 0;
  70   1      }
  71          
  72          


MODULE INFORMATION:   STATIC OVERLAYABLE
   CODE SIZE        =    143    ----
   CONSTANT SIZE    =   ----    ----
   XDATA SIZE       =   ----    ----
   PDATA SIZE       =   ----    ----
   DATA SIZE        =   ----    ----
   IDATA SIZE       =   ----    ----
   BIT SIZE         =   ----    ----
END OF MODULE INFORMATION.


C51 COMPILATION COMPLETE.  0 WARNING(S),  0 ERROR(S)
