C51 COMPILER V9.00   PUSHROD_PORT                                                          05/24/2018 15:04:23 PAGE 1   


C51 COMPILER V9.00, COMPILATION OF MODULE PUSHROD_PORT
OBJECT MODULE PLACED IN .\Objects\pushrod_port.obj
COMPILER INVOKED BY: D:\keil\C51\BIN\C51.EXE ..\bsp\pushrod\pushrod_port.c BROWSE INCDIR(..\pro;..\app;..\bsp;..\lib\inc
                    -;..\bsp\pushrod;..\bsp\message;..\bsp\sw_i2c) DEBUG OBJECTEXTEND PRINT(.\Listings\pushrod_port.lst) OBJECT(.\Objects\pus
                    -hrod_port.obj)

line level    source

   1          #include "sys_config.h"
   2          
   3          /**
   4                  @brief:io definition
   5          */
   6          #define PUSH1A_PIN                              P46
   7          #define PUSH1B_PIN                              P47
   8          
   9          #define PUSH2A_PIN                              P07
  10          #define PUSH2B_PIN                              P06
  11          
  12          #define PUSH3A_PIN                              P05
  13          #define PUSH3B_PIN                              P04
  14          
  15          #define PUSH4A_PIN                              P01
  16          #define PUSH4B_PIN                              P27
  17          
  18          #define PUSH5A_PIN                              P26
  19          #define PUSH5B_PIN                              P25
  20          
  21          #define PUSH6A_PIN                              P24
  22          #define PUSH6B_PIN                              P23
  23          
  24          
  25          #define Set_Push1A_Out(X)                       ((X)?(PUSH1A_PIN = 1):(PUSH1A_PIN = 0)) 
  26          #define Set_Push1B_Out(X)                       ((X)?(PUSH1B_PIN = 1):(PUSH1B_PIN = 0)) 
  27          #define Set_Push2A_Out(X)                       ((X)?(PUSH2A_PIN = 1):(PUSH2A_PIN = 0)) 
  28          #define Set_Push2B_Out(X)                       ((X)?(PUSH2B_PIN = 1):(PUSH2B_PIN = 0)) 
  29          #define Set_Push3A_Out(X)                       ((X)?(PUSH3A_PIN = 1):(PUSH3A_PIN = 0)) 
  30          #define Set_Push3B_Out(X)                       ((X)?(PUSH3B_PIN = 1):(PUSH3B_PIN = 0)) 
  31          #define Set_Push4A_Out(X)                       ((X)?(PUSH4A_PIN = 1):(PUSH4A_PIN = 0)) 
  32          #define Set_Push4B_Out(X)                       ((X)?(PUSH4B_PIN = 1):(PUSH4B_PIN = 0)) 
  33          #define Set_Push5A_Out(X)                       ((X)?(PUSH5A_PIN = 1):(PUSH5A_PIN = 0)) 
  34          #define Set_Push5B_Out(X)                       ((X)?(PUSH5B_PIN = 1):(PUSH5B_PIN = 0)) 
  35          #define Set_Push6A_Out(X)                       ((X)?(PUSH6A_PIN = 1):(PUSH6A_PIN = 0)) 
  36          #define Set_Push6B_Out(X)                       ((X)?(PUSH6B_PIN = 1):(PUSH6B_PIN = 0)) 
  37          
  38          
  39          INT8U Pushrod_PortInit(INT8U id){
  40   1              if(id == 0){
  41   2                      SET_REG_CON(4,6);
  42   2                      Set_Push1A_Out(0);
  43   2                      SET_REG_CON(4,7);
  44   2                      Set_Push1B_Out(0);
  45   2                      return 1;
  46   2              }else if(id == 1){
  47   2                      SET_REG_CON(0,7);
  48   2                      Set_Push2A_Out(0);
  49   2                      SET_REG_CON(0,6);
  50   2                      Set_Push2B_Out(0);
  51   2              }else if(id == 2){
  52   2                      SET_REG_CON(0,5);
  53   2                      Set_Push2A_Out(0);
C51 COMPILER V9.00   PUSHROD_PORT                                                          05/24/2018 15:04:23 PAGE 2   

  54   2                      SET_REG_CON(0,4);
  55   2                      Set_Push2B_Out(0);
  56   2              }else if(id == 3){
  57   2                      SET_REG_CON(0,1);
  58   2                      Set_Push2A_Out(0);
  59   2                      SET_REG_CON(2,7);
  60   2                      Set_Push2B_Out(0);
  61   2              }else if(id == 4){
  62   2                      SET_REG_CON(2,6);
  63   2                      Set_Push2A_Out(0);
  64   2                      SET_REG_CON(2,5);
  65   2                      Set_Push2B_Out(0);
  66   2              }else if(id == 5){
  67   2                      SET_REG_CON(2,4);
  68   2                      Set_Push2A_Out(0);
  69   2                      SET_REG_CON(2,3);
  70   2                      Set_Push2B_Out(0);
  71   2              }
  72   1              return 0;
  73   1      }
  74          
  75          /*****************************************************************************
  76           * Function       : Pushrod_PortSet
  77           * Description   : ÉèÖÃpushrod µ×²ãÇý¶¯IO
  78           * Input           : INT8U id   
  79                                      INT8U sta  :0->STOP  1->OPEN 2->CLOSE
  80           * Output                 : None
  81           * Return                 : 
  82           * Others                 : 
  83           * Record
  84           * 1.Date                 : 20180419
  85           *   Author       : marco
  86           *   Modification: Created function
  87          
  88          *****************************************************************************/
  89          INT8U Pushrod_PortSet(INT8U id,INT8U sta){
  90   1              if(id == 0){
  91   2                      if(sta == 0){
  92   3                              Set_Push1A_Out(0),Set_Push1B_Out(0);
  93   3                              return 1;
  94   3                      }else if(sta == 1){
  95   3                              Set_Push1A_Out(0),Set_Push1B_Out(1);
  96   3                              return 1;
  97   3                      }else if(sta == 2){
  98   3                              Set_Push1A_Out(1),Set_Push1B_Out(0);
  99   3                              return 1;
 100   3                      }else{
 101   3                              return 0;
 102   3                      }
 103   2              }else if(id == 1){
 104   2                      if(sta == 0){
 105   3                              Set_Push2A_Out(0),Set_Push2B_Out(0);
 106   3                              return 1;
 107   3                      }else if(sta == 1){
 108   3                              Set_Push2A_Out(0),Set_Push2B_Out(1);
 109   3                              return 1;
 110   3                      }else if(sta == 2){
 111   3                              Set_Push2A_Out(1),Set_Push2B_Out(0);
 112   3                              return 1;
 113   3                      }else{
 114   3                              return 0;
 115   3                      }
C51 COMPILER V9.00   PUSHROD_PORT                                                          05/24/2018 15:04:23 PAGE 3   

 116   2              }else if(id == 2){
 117   2                      if(sta == 0){
 118   3                              Set_Push3A_Out(0),Set_Push3B_Out(0);
 119   3                              return 1;
 120   3                      }else if(sta == 1){
 121   3                              Set_Push3A_Out(0),Set_Push3B_Out(1);
 122   3                              return 1;
 123   3                      }else if(sta == 2){
 124   3                              Set_Push3A_Out(1),Set_Push3B_Out(0);
 125   3                              return 1;
 126   3                      }else{
 127   3                              return 0;
 128   3                      }
 129   2              }else if(id == 3){
 130   2                      if(sta == 0){
 131   3                              Set_Push4A_Out(0),Set_Push4B_Out(0);
 132   3                              return 1;
 133   3                      }else if(sta == 1){
 134   3                              Set_Push4A_Out(0),Set_Push4B_Out(1);
 135   3                              return 1;
 136   3                      }else if(sta == 2){
 137   3                              Set_Push4A_Out(1),Set_Push4B_Out(0);
 138   3                              return 1;
 139   3                      }else{
 140   3                              return 0;
 141   3                      }
 142   2              }else if(id == 4){
 143   2                      if(sta == 0){
 144   3                              Set_Push5A_Out(0),Set_Push5B_Out(0);
 145   3                              return 1;
 146   3                      }else if(sta == 1){
 147   3                              Set_Push5A_Out(0),Set_Push5B_Out(1);
 148   3                              return 1;
 149   3                      }else if(sta == 2){
 150   3                              Set_Push5A_Out(1),Set_Push5B_Out(0);
 151   3                              return 1;
 152   3                      }else{
 153   3                              return 0;
 154   3                      }
 155   2              }else if(id == 5){
 156   2                      if(sta == 0){
 157   3                              Set_Push6A_Out(0),Set_Push6B_Out(0);
 158   3                              return 1;
 159   3                      }else if(sta == 1){
 160   3                              Set_Push6A_Out(0),Set_Push6B_Out(1);
 161   3                              return 1;
 162   3                      }else if(sta == 2){
 163   3                              Set_Push6A_Out(1),Set_Push6B_Out(0);
 164   3                              return 1;
 165   3                      }else{
 166   3                              return 0;
 167   3                      }
 168   2              }
 169   1              return 0;
 170   1      }


MODULE INFORMATION:   STATIC OVERLAYABLE
   CODE SIZE        =    303    ----
   CONSTANT SIZE    =   ----    ----
   XDATA SIZE       =   ----    ----
   PDATA SIZE       =   ----    ----
C51 COMPILER V9.00   PUSHROD_PORT                                                          05/24/2018 15:04:23 PAGE 4   

   DATA SIZE        =   ----    ----
   IDATA SIZE       =   ----    ----
   BIT SIZE         =   ----    ----
END OF MODULE INFORMATION.


C51 COMPILATION COMPLETE.  0 WARNING(S),  0 ERROR(S)
